<?xml version="1.0" encoding="UTF-8"?>
<!-- Generated by org.testng.reporters.JUnitReportReporter -->
<testsuite skipped="0" hostname="minds" name="WindowHandle" tests="1" failures="0" timestamp="13 Nov 2018 11:25:42 GMT" time="21.860" errors="0">
  <testcase name="HandleWindow" time="21.860" classname="WindowHandle"/>
</testsuite> <!-- WindowHandle -->
