<?xml version="1.0" encoding="UTF-8"?>
<!-- Generated by org.testng.reporters.JUnitReportReporter -->
<testsuite skipped="0" hostname="minds" name="WindowHandle" tests="1" failures="0" timestamp="16 Nov 2018 11:01:24 GMT" time="19.115" errors="0">
  <testcase name="HandleWindow" time="19.115" classname="WindowHandle"/>
</testsuite> <!-- WindowHandle -->
