<?xml version="1.0" encoding="UTF-8"?>
<!-- Generated by org.testng.reporters.JUnitReportReporter -->
<testsuite skipped="0" hostname="minds" name="DownloadFile" tests="1" failures="0" timestamp="20 Nov 2018 11:03:56 GMT" time="13.177" errors="0">
  <testcase name="downloadFileTest" time="13.177" classname="DownloadFile"/>
</testsuite> <!-- DownloadFile -->
