<?xml version="1.0" encoding="UTF-8"?>
<!-- Generated by org.testng.reporters.JUnitReportReporter -->
<testsuite skipped="0" hostname="minds" name="Handling_DatePicker" tests="1" failures="0" timestamp="20 Nov 2018 06:57:12 GMT" time="32.582" errors="0">
  <testcase name="enterText" time="32.582" classname="Handling_DatePicker"/>
</testsuite> <!-- Handling_DatePicker -->
