<?xml version="1.0" encoding="UTF-8"?>
<!-- Generated by org.testng.reporters.JUnitReportReporter -->
<testsuite skipped="0" hostname="minds" name="crossbrowser.TestNGMultibrowserDemo" tests="9" failures="0" timestamp="12 Nov 2018 06:37:50 GMT" time="257.209" errors="0">
  <testcase name="setup" time="4.792" classname="crossbrowser.TestNGMultibrowserDemo"/>
  <testcase name="setup" time="16.134" classname="crossbrowser.TestNGMultibrowserDemo"/>
  <testcase name="setup" time="2.326" classname="crossbrowser.TestNGMultibrowserDemo"/>
  <testcase name="test1" time="185.290" classname="crossbrowser.TestNGMultibrowserDemo"/>
  <testcase name="test1" time="21.212" classname="crossbrowser.TestNGMultibrowserDemo"/>
  <testcase name="test1" time="23.087" classname="crossbrowser.TestNGMultibrowserDemo"/>
  <testcase name="teardown" time="1.721" classname="crossbrowser.TestNGMultibrowserDemo"/>
  <testcase name="teardown" time="0.149" classname="crossbrowser.TestNGMultibrowserDemo"/>
  <testcase name="teardown" time="2.498" classname="crossbrowser.TestNGMultibrowserDemo"/>
</testsuite> <!-- crossbrowser.TestNGMultibrowserDemo -->
