<?xml version="1.0" encoding="UTF-8"?>
<!-- Generated by org.testng.reporters.JUnitReportReporter -->
<testsuite skipped="0" hostname="minds" name="Tours1" tests="1" failures="0" timestamp="26 Oct 2018 06:33:32 GMT" time="57.105" errors="0">
  <testcase name="start" time="57.105" classname="Tours1"/>
</testsuite> <!-- Tours1 -->
