<?xml version="1.0" encoding="UTF-8"?>
<!-- Generated by org.testng.reporters.JUnitReportReporter -->
<testsuite skipped="0" hostname="minds" name="WindowHandle" tests="1" failures="0" timestamp="13 Nov 2018 04:06:45 GMT" time="13.900" errors="0">
  <testcase name="HandleWindow" time="13.900" classname="WindowHandle"/>
</testsuite> <!-- WindowHandle -->
