<?xml version="1.0" encoding="UTF-8"?>
<!-- Generated by org.testng.reporters.JUnitReportReporter -->
<testsuite skipped="0" hostname="minds" name="Tours1" tests="1" failures="0" timestamp="29 Oct 2018 21:18:19 GMT" time="105.411" errors="0">
  <testcase name="start" time="105.411" classname="Tours1"/>
</testsuite> <!-- Tours1 -->
